[INFO ] 2021-10-03 18:10:41.978 [main] testCases - Clicked username
[INFO ] 2021-10-03 18:10:42.144 [main] testCases - Clicked password
[ERROR] 2021-10-03 18:10:47.197 [main] testCases - This is demo error
[INFO ] 2021-10-03 18:16:58.979 [main] testCases - Clicked username
[INFO ] 2021-10-03 18:16:59.194 [main] testCases - Clicked password
[ERROR] 2021-10-03 18:17:01.989 [main] testCases - This is demo error
[INFO ] 2021-10-03 18:23:33.199 [main] testCases - Clicked username
[INFO ] 2021-10-03 18:23:33.482 [main] testCases - Clicked password
[ERROR] 2021-10-03 18:23:37.865 [main] testCases - This is demo error
[INFO ] 2021-10-03 18:26:22.196 [main] testCases - Clicked username
[INFO ] 2021-10-03 18:26:22.516 [main] testCases - Clicked password
[ERROR] 2021-10-03 18:26:25.374 [main] testCases - This is demo error
[INFO ] 2021-10-03 18:28:07.565 [main] testCases - Clicked username
[INFO ] 2021-10-03 18:28:07.840 [main] testCases - Clicked password
[ERROR] 2021-10-03 18:28:10.918 [main] testCases - This is demo error
[INFO ] 2021-10-03 18:29:31.216 [main] testCases - Clicked username
[INFO ] 2021-10-03 18:29:31.282 [main] testCases - Clicked password
[ERROR] 2021-10-03 18:29:33.920 [main] testCases - This is demo error
[INFO ] 2021-10-03 18:45:42.877 [main] testCases - Clicked username
[INFO ] 2021-10-03 18:45:43.436 [main] testCases - Clicked password
[ERROR] 2021-10-03 18:45:47.973 [main] testCases - This is demo error
[INFO ] 2021-10-03 18:46:12.146 [main] testCases - Clicked username
[INFO ] 2021-10-03 18:46:12.451 [main] testCases - Clicked password
[ERROR] 2021-10-03 18:46:14.126 [main] testCases - This is demo error
[INFO ] 2021-10-04 19:36:37.474 [main] testCases - Clicked username
[INFO ] 2021-10-04 19:36:37.963 [main] testCases - Clicked password
[ERROR] 2021-10-04 19:36:40.625 [main] testCases - This is demo error
[INFO ] 2021-10-04 19:40:09.976 [main] testCases - Clicked username
[INFO ] 2021-10-04 19:40:10.931 [main] testCases - Clicked password
[ERROR] 2021-10-04 19:40:13.246 [main] testCases - This is demo error
[INFO ] 2021-10-04 19:48:18.964 [main] testCases - Clicked username
[INFO ] 2021-10-04 19:48:19.160 [main] testCases - Clicked password
[ERROR] 2021-10-04 19:48:21.470 [main] testCases - This is demo error
[INFO ] 2021-10-04 19:51:49.908 [main] testCases - Clicked username
[INFO ] 2021-10-04 19:51:50.408 [main] testCases - Clicked password
[ERROR] 2021-10-04 19:51:52.863 [main] testCases - This is demo error
[INFO ] 2021-10-04 20:29:40.058 [main] testCases - Clicked username
[INFO ] 2021-10-04 20:29:40.533 [main] testCases - Clicked password
[ERROR] 2021-10-04 20:29:45.782 [main] testCases - This is demo error
[INFO ] 2021-10-04 22:31:46.626 [main] testCases - Clicked username
[INFO ] 2021-10-04 22:31:47.275 [main] testCases - Clicked password
[ERROR] 2021-10-04 22:31:51.613 [main] testCases - This is demo error
[INFO ] 2021-10-04 22:42:02.704 [main] testCases - Clicked username
[INFO ] 2021-10-04 22:42:03.755 [main] testCases - Clicked password
[INFO ] 2021-10-04 22:55:23.670 [main] testCases - Clicked username
[INFO ] 2021-10-04 22:55:24.577 [main] testCases - Clicked password
[INFO ] 2021-10-04 22:55:29.381 [main] testCases - test case passed
[INFO ] 2021-10-04 22:57:23.296 [main] testCases - Clicked username
[INFO ] 2021-10-04 22:57:23.849 [main] testCases - Clicked password
[INFO ] 2021-10-04 22:57:36.882 [main] testCases - test case passed
[INFO ] 2021-10-04 23:09:18.466 [main] testCases - Clicked username
[INFO ] 2021-10-04 23:09:18.883 [main] testCases - Clicked password
[INFO ] 2021-10-04 23:09:21.662 [main] testCases - test case passed
[INFO ] 2021-10-04 23:14:49.628 [main] testCases - Clicked username
[INFO ] 2021-10-04 23:15:31.900 [main] testCases - Clicked password
[INFO ] 2021-10-04 23:15:35.825 [main] testCases - test case passed
[INFO ] 2021-10-04 23:16:09.228 [main] testCases - Clicked username
[INFO ] 2021-10-04 23:16:09.531 [main] testCases - Clicked password
[INFO ] 2021-10-04 23:16:11.436 [main] testCases - test case passed
[INFO ] 2021-10-04 23:30:19.061 [main] testCases - Clicked username
[INFO ] 2021-10-04 23:30:20.773 [main] testCases - Clicked password
[INFO ] 2021-10-04 23:30:27.945 [main] testCases - test case passed
[INFO ] 2021-10-04 23:31:12.639 [main] testCases - Clicked username
[INFO ] 2021-10-04 23:31:13.409 [main] testCases - Clicked password
[INFO ] 2021-10-04 23:31:15.692 [main] testCases - test case passed
[INFO ] 2021-10-04 23:36:55.416 [main] testCases - Clicked username
[INFO ] 2021-10-04 23:36:55.801 [main] testCases - Clicked password
[INFO ] 2021-10-04 23:36:58.674 [main] testCases - test case passed
[INFO ] 2021-10-04 23:37:50.934 [main] testCases - Clicked username
[INFO ] 2021-10-04 23:37:52.738 [main] testCases - Clicked password
[INFO ] 2021-10-04 23:37:56.667 [main] testCases - test case passed
[INFO ] 2021-10-06 22:11:10.152 [main] testCases - Clicked username
[INFO ] 2021-10-06 22:11:10.583 [main] testCases - Clicked password
[INFO ] 2021-10-06 22:11:17.682 [main] testCases - Clicked username
[INFO ] 2021-10-06 22:11:17.766 [main] testCases - Clicked password
[INFO ] 2021-10-06 22:11:22.789 [main] testCases - Clicked username
[INFO ] 2021-10-06 22:11:22.878 [main] testCases - Clicked password
[INFO ] 2021-10-06 22:16:52.820 [main] testCases - Clicked username
[INFO ] 2021-10-06 22:16:53.017 [main] testCases - Clicked password
[INFO ] 2021-10-06 22:17:01.650 [main] testCases - Clicked username
[INFO ] 2021-10-06 22:17:01.701 [main] testCases - Clicked password
[INFO ] 2021-10-06 22:17:09.428 [main] testCases - Clicked username
[INFO ] 2021-10-06 22:17:09.486 [main] testCases - Clicked password
[INFO ] 2021-10-06 22:24:29.601 [main] testCases - Clicked username
[INFO ] 2021-10-06 22:24:29.764 [main] testCases - Clicked password
[INFO ] 2021-10-06 22:24:32.379 [main] testCases - test case passed
[INFO ] 2021-10-06 22:37:06.687 [main] testCases - Clicked username
[INFO ] 2021-10-06 22:37:07.012 [main] testCases - Clicked password
[INFO ] 2021-10-06 22:47:17.177 [main] testCases - Clicked username
[INFO ] 2021-10-06 22:47:17.460 [main] testCases - Clicked password
[INFO ] 2021-10-06 22:50:04.772 [main] testCases - Clicked username
[INFO ] 2021-10-06 22:50:05.396 [main] testCases - Clicked password
[INFO ] 2021-10-06 22:50:12.406 [main] testCases - TC02_LoginCredentialsTest testcase passed
[INFO ] 2021-10-06 22:50:17.888 [main] testCases - Clicked username
[INFO ] 2021-10-06 22:50:17.951 [main] testCases - Clicked password
[INFO ] 2021-10-06 22:50:26.237 [main] testCases - Clicked username
[INFO ] 2021-10-06 22:50:26.304 [main] testCases - Clicked password
[INFO ] 2021-10-06 22:52:56.533 [main] testCases - Clicked username
[INFO ] 2021-10-06 22:52:57.031 [main] testCases - Clicked password
[INFO ] 2021-10-06 22:53:03.302 [main] testCases - TC02_LoginCredentialsTest testcase passed
[INFO ] 2021-10-06 22:53:08.651 [main] testCases - Clicked username
[INFO ] 2021-10-06 22:53:08.713 [main] testCases - Clicked password
[INFO ] 2021-10-06 22:53:16.257 [main] testCases - Clicked username
[INFO ] 2021-10-06 22:53:16.336 [main] testCases - Clicked password
[INFO ] 2021-10-06 22:59:35.381 [main] testCases - Clicked username
[INFO ] 2021-10-06 22:59:35.889 [main] testCases - Clicked password
[INFO ] 2021-10-06 22:59:42.067 [main] testCases - TC02_LoginCredentialsTest testcase passed
[INFO ] 2021-10-06 22:59:47.308 [main] testCases - Clicked username
[INFO ] 2021-10-06 22:59:47.358 [main] testCases - Clicked password
[INFO ] 2021-10-06 22:59:55.311 [main] testCases - Clicked username
[INFO ] 2021-10-06 22:59:55.381 [main] testCases - Clicked password
[INFO ] 2021-10-06 23:13:38.839 [main] testCases - Clicked username
[INFO ] 2021-10-06 23:13:39.251 [main] testCases - Clicked password
[INFO ] 2021-10-06 23:13:43.154 [main] testCases - test case passed
[INFO ] 2021-10-06 23:19:53.172 [main] testCases - Clicked username
[INFO ] 2021-10-06 23:19:53.333 [main] testCases - Clicked password
[INFO ] 2021-10-06 23:19:55.832 [main] testCases - test case passed
[INFO ] 2021-10-06 23:44:04.891 [main] testCases - Clicked username
[INFO ] 2021-10-06 23:44:05.533 [main] testCases - Clicked password
[INFO ] 2021-10-06 23:44:09.786 [main] testCases - test case passed
[INFO ] 2021-10-06 23:44:15.343 [main] testCases - Clicked username
[INFO ] 2021-10-06 23:44:15.442 [main] testCases - Clicked password
[INFO ] 2021-10-06 23:44:21.542 [main] testCases - TC02_LoginCredentialsTest testcase passed
[INFO ] 2021-10-06 23:44:26.717 [main] testCases - Clicked username
[INFO ] 2021-10-06 23:44:26.777 [main] testCases - Clicked password
[INFO ] 2021-10-06 23:44:34.990 [main] testCases - Clicked username
[INFO ] 2021-10-06 23:44:35.060 [main] testCases - Clicked password
